{"D:\\Lenin\\Training_Folder\\hubspot\\controllers\\boardControllers.js": {"path":"D:\\Lenin\\Training_Folder\\hubspot\\controllers\\boardControllers.js","statementMap":{"0":{"start":{"line":3,"column":27},"end":{"line":10,"column":1}},"1":{"start":{"line":4,"column":2},"end":{"line":9,"column":3}},"2":{"start":{"line":5,"column":21},"end":{"line":5,"column":45}},"3":{"start":{"line":6,"column":4},"end":{"line":6,"column":35}},"4":{"start":{"line":8,"column":4},"end":{"line":8,"column":32}},"5":{"start":{"line":12,"column":24},"end":{"line":19,"column":1}},"6":{"start":{"line":13,"column":2},"end":{"line":18,"column":3}},"7":{"start":{"line":14,"column":21},"end":{"line":14,"column":40}},"8":{"start":{"line":15,"column":4},"end":{"line":15,"column":35}},"9":{"start":{"line":17,"column":4},"end":{"line":17,"column":32}}},"fnMap":{"0":{"name":"(anonymous_0)","decl":{"start":{"line":3,"column":27},"end":{"line":3,"column":28}},"loc":{"start":{"line":3,"column":47},"end":{"line":10,"column":1}},"line":3},"1":{"name":"(anonymous_1)","decl":{"start":{"line":12,"column":24},"end":{"line":12,"column":25}},"loc":{"start":{"line":12,"column":44},"end":{"line":19,"column":1}},"line":12}},"branchMap":{},"s":{"0":1,"1":2,"2":2,"3":1,"4":1,"5":1,"6":2,"7":2,"8":1,"9":1},"f":{"0":2,"1":2},"b":{},"_coverageSchema":"1a1c01bbd47fc00a2c39e90264f33305004495a9","hash":"a286ea400e6c6c0ff0e6f7fa027df6bec9e0cadf"}
,"D:\\Lenin\\Training_Folder\\hubspot\\services\\boardService.js": {"path":"D:\\Lenin\\Training_Folder\\hubspot\\services\\boardService.js","statementMap":{"0":{"start":{"line":3,"column":29},"end":{"line":106,"column":1}},"1":{"start":{"line":4,"column":21},"end":{"line":25,"column":3}},"2":{"start":{"line":27,"column":18},"end":{"line":27,"column":41}},"3":{"start":{"line":28,"column":20},"end":{"line":28,"column":45}},"4":{"start":{"line":29,"column":18},"end":{"line":29,"column":248}},"5":{"start":{"line":30,"column":19},"end":{"line":30,"column":46}},"6":{"start":{"line":32,"column":2},"end":{"line":105,"column":3}},"7":{"start":{"line":34,"column":5},"end":{"line":34,"column":61}},"8":{"start":{"line":34,"column":31},"end":{"line":34,"column":61}},"9":{"start":{"line":35,"column":22},"end":{"line":46,"column":5}},"10":{"start":{"line":48,"column":25},"end":{"line":53,"column":6}},"11":{"start":{"line":54,"column":19},"end":{"line":54,"column":56}},"12":{"start":{"line":55,"column":4},"end":{"line":95,"column":5}},"13":{"start":{"line":57,"column":31},"end":{"line":66,"column":7}},"14":{"start":{"line":67,"column":29},"end":{"line":72,"column":8}},"15":{"start":{"line":76,"column":32},"end":{"line":76,"column":46}},"16":{"start":{"line":77,"column":6},"end":{"line":94,"column":7}},"17":{"start":{"line":78,"column":33},"end":{"line":86,"column":9}},"18":{"start":{"line":88,"column":8},"end":{"line":93,"column":11}},"19":{"start":{"line":97,"column":4},"end":{"line":97,"column":81}},"20":{"start":{"line":99,"column":4},"end":{"line":104,"column":6}},"21":{"start":{"line":108,"column":24},"end":{"line":148,"column":1}},"22":{"start":{"line":109,"column":2},"end":{"line":147,"column":3}},"23":{"start":{"line":110,"column":4},"end":{"line":110,"column":60}},"24":{"start":{"line":110,"column":30},"end":{"line":110,"column":60}},"25":{"start":{"line":112,"column":23},"end":{"line":133,"column":5}},"26":{"start":{"line":135,"column":4},"end":{"line":139,"column":6}},"27":{"start":{"line":141,"column":4},"end":{"line":146,"column":6}}},"fnMap":{"0":{"name":"(anonymous_0)","decl":{"start":{"line":3,"column":29},"end":{"line":3,"column":30}},"loc":{"start":{"line":3,"column":48},"end":{"line":106,"column":1}},"line":3},"1":{"name":"(anonymous_1)","decl":{"start":{"line":108,"column":24},"end":{"line":108,"column":25}},"loc":{"start":{"line":108,"column":43},"end":{"line":148,"column":1}},"line":108}},"branchMap":{"0":{"loc":{"start":{"line":34,"column":5},"end":{"line":34,"column":61}},"type":"if","locations":[{"start":{"line":34,"column":5},"end":{"line":34,"column":61}},{"start":{},"end":{}}],"line":34},"1":{"loc":{"start":{"line":54,"column":19},"end":{"line":54,"column":56}},"type":"binary-expr","locations":[{"start":{"line":54,"column":19},"end":{"line":54,"column":50}},{"start":{"line":54,"column":54},"end":{"line":54,"column":56}}],"line":54},"2":{"loc":{"start":{"line":55,"column":4},"end":{"line":95,"column":5}},"type":"if","locations":[{"start":{"line":55,"column":4},"end":{"line":95,"column":5}},{"start":{"line":74,"column":9},"end":{"line":95,"column":5}}],"line":55},"3":{"loc":{"start":{"line":77,"column":6},"end":{"line":94,"column":7}},"type":"if","locations":[{"start":{"line":77,"column":6},"end":{"line":94,"column":7}},{"start":{},"end":{}}],"line":77},"4":{"loc":{"start":{"line":110,"column":4},"end":{"line":110,"column":60}},"type":"if","locations":[{"start":{"line":110,"column":4},"end":{"line":110,"column":60}},{"start":{},"end":{}}],"line":110}},"s":{"0":2,"1":5,"2":5,"3":5,"4":5,"5":5,"6":5,"7":5,"8":1,"9":4,"10":4,"11":3,"12":3,"13":1,"14":1,"15":2,"16":2,"17":1,"18":1,"19":3,"20":2,"21":2,"22":2,"23":2,"24":1,"25":1,"26":1,"27":1},"f":{"0":5,"1":2},"b":{"0":[1,4],"1":[3,0],"2":[1,2],"3":[1,1],"4":[1,1]},"_coverageSchema":"1a1c01bbd47fc00a2c39e90264f33305004495a9","hash":"c162c29ef03bd9335bbe719f2a1a48900c097ba3"}
}
