TN:
SF:controllers\boardControllers.js
FN:3,(anonymous_0)
FN:12,(anonymous_1)
FNF:2
FNH:2
FNDA:2,(anonymous_0)
FNDA:2,(anonymous_1)
DA:3,1
DA:4,2
DA:5,2
DA:6,1
DA:8,1
DA:12,1
DA:13,2
DA:14,2
DA:15,1
DA:17,1
LF:10
LH:10
BRF:0
BRH:0
end_of_record
TN:
SF:services\boardService.js
FN:3,(anonymous_0)
FN:108,(anonymous_1)
FNF:2
FNH:2
FNDA:5,(anonymous_0)
FNDA:2,(anonymous_1)
DA:3,2
DA:4,5
DA:27,5
DA:28,5
DA:29,5
DA:30,5
DA:32,5
DA:34,5
DA:35,4
DA:48,4
DA:54,3
DA:55,3
DA:57,1
DA:67,1
DA:76,2
DA:77,2
DA:78,1
DA:88,1
DA:97,3
DA:99,2
DA:108,2
DA:109,2
DA:110,2
DA:112,1
DA:135,1
DA:141,1
LF:26
LH:26
BRDA:34,0,0,1
BRDA:34,0,1,4
BRDA:54,1,0,3
BRDA:54,1,1,0
BRDA:55,2,0,1
BRDA:55,2,1,2
BRDA:77,3,0,1
BRDA:77,3,1,1
BRDA:110,4,0,1
BRDA:110,4,1,1
BRF:10
BRH:9
end_of_record
